<?xml version="1.0" encoding="UTF-8"?>
<testng-results skipped="0" failed="0" ignored="0" total="1" passed="1">
  <reporter-output>
  </reporter-output>
  <suite name="Default suite" duration-ms="13945" started-at="2022-01-22T11:54:42 IST" finished-at="2022-01-22T11:54:56 IST">
    <groups>
    </groups>
    <test name="Default test" duration-ms="13945" started-at="2022-01-22T11:54:42 IST" finished-at="2022-01-22T11:54:56 IST">
      <class name="practice_programs.P9">
        <test-method status="PASS" signature="myntra()[pri:0, instance:practice_programs.P9@68bbe345]" name="myntra" duration-ms="13876" started-at="2022-01-22T11:54:42 IST" finished-at="2022-01-22T11:54:56 IST">
          <reporter-output>
          </reporter-output>
        </test-method> <!-- myntra -->
      </class> <!-- practice_programs.P9 -->
    </test> <!-- Default test -->
  </suite> <!-- Default suite -->
</testng-results>
